<?xml version="1.0" encoding="UTF-8"?>
<!-- Generated by org.testng.reporters.JUnitXMLReporter -->
<testsuite ignored="0" hostname="DESKTOP-8B0NV1L" failures="1" tests="2" name="UI Tests" time="6.753" errors="0" timestamp="2026-03-22T02:46:52 IST">
  <testcase classname="tests.LoginTest" name="loginTest" time="2.237"/>
  <testcase classname="tests.LoginTest" name="inValidLoginTest" time="2.423">
    <failure type="org.openqa.selenium.NoSuchElementException" message="no such element: Unable to locate element: {&amp;quot;method&amp;quot;:&amp;quot;xpath&amp;quot;,&amp;quot;selector&amp;quot;:&amp;quot;//*[@class=&amp;apos;error-message-container error&amp;apos;]&amp;quot;}
  (Session info: chrome=146.0.7680.80)
For documentation on this error, please visit: https://www.selenium.dev/documentation/webdriver/troubleshooting/errors#no-such-element-exception
Build info: version: &amp;apos;4.18.1&amp;apos;, revision: &amp;apos;b1d3319b48&amp;apos;
System info: os.name: &amp;apos;Windows 10&amp;apos;, os.arch: &amp;apos;amd64&amp;apos;, os.version: &amp;apos;10.0&amp;apos;, java.version: &amp;apos;16.0.1&amp;apos;
Driver info: org.openqa.selenium.chrome.ChromeDriver
Command: [cdde8ad9d57716c6254c154285987418, findElement {using=xpath, value=//*[@class=&amp;apos;error-message-container error&amp;apos;]}]
Capabilities {acceptInsecureCerts: false, browserName: chrome, browserVersion: 146.0.7680.80, chrome: {chromedriverVersion: 146.0.7680.153 (85fd829a1b2..., userDataDir: C:\Users\user\AppData\Local...}, fedcm:accounts: true, goog:chromeOptions: {debuggerAddress: localhost:50421}, goog:processID: 1656, networkConnectionEnabled: false, pageLoadStrategy: normal, platformName: windows, proxy: Proxy(), se:cdp: ws://localhost:50421/devtoo..., se:cdpVersion: 146.0.7680.80, setWindowRect: true, strictFileInteractability: false, timeouts: {implicit: 0, pageLoad: 300000, script: 30000}, unhandledPromptBehavior: dismiss and notify, webauthn:extension:credBlob: true, webauthn:extension:largeBlob: true, webauthn:extension:minPinLength: true, webauthn:extension:prf: true, webauthn:virtualAuthenticators: true}
Session ID: cdde8ad9d57716c6254c154285987418">
      <![CDATA[org.openqa.selenium.NoSuchElementException: no such element: Unable to locate element: {"method":"xpath","selector":"//*[@class='error-message-container error']"}
  (Session info: chrome=146.0.7680.80)
For documentation on this error, please visit: https://www.selenium.dev/documentation/webdriver/troubleshooting/errors#no-such-element-exception
Build info: version: '4.18.1', revision: 'b1d3319b48'
System info: os.name: 'Windows 10', os.arch: 'amd64', os.version: '10.0', java.version: '16.0.1'
Driver info: org.openqa.selenium.chrome.ChromeDriver
Command: [cdde8ad9d57716c6254c154285987418, findElement {using=xpath, value=//*[@class='error-message-container error']}]
Capabilities {acceptInsecureCerts: false, browserName: chrome, browserVersion: 146.0.7680.80, chrome: {chromedriverVersion: 146.0.7680.153 (85fd829a1b2..., userDataDir: C:\Users\user\AppData\Local...}, fedcm:accounts: true, goog:chromeOptions: {debuggerAddress: localhost:50421}, goog:processID: 1656, networkConnectionEnabled: false, pageLoadStrategy: normal, platformName: windows, proxy: Proxy(), se:cdp: ws://localhost:50421/devtoo..., se:cdpVersion: 146.0.7680.80, setWindowRect: true, strictFileInteractability: false, timeouts: {implicit: 0, pageLoad: 300000, script: 30000}, unhandledPromptBehavior: dismiss and notify, webauthn:extension:credBlob: true, webauthn:extension:largeBlob: true, webauthn:extension:minPinLength: true, webauthn:extension:prf: true, webauthn:virtualAuthenticators: true}
Session ID: cdde8ad9d57716c6254c154285987418
at org.openqa.selenium.remote.ErrorCodec.decode(ErrorCodec.java:167)
at org.openqa.selenium.remote.codec.w3c.W3CHttpResponseCodec.decode(W3CHttpResponseCodec.java:138)
at org.openqa.selenium.remote.codec.w3c.W3CHttpResponseCodec.decode(W3CHttpResponseCodec.java:50)
at org.openqa.selenium.remote.HttpCommandExecutor.execute(HttpCommandExecutor.java:190)
at org.openqa.selenium.remote.service.DriverCommandExecutor.invokeExecute(DriverCommandExecutor.java:216)
at org.openqa.selenium.remote.service.DriverCommandExecutor.execute(DriverCommandExecutor.java:174)
at org.openqa.selenium.remote.RemoteWebDriver.execute(RemoteWebDriver.java:519)
at org.openqa.selenium.remote.ElementLocation$ElementFinder$2.findElement(ElementLocation.java:165)
at org.openqa.selenium.remote.ElementLocation.findElement(ElementLocation.java:59)
at org.openqa.selenium.remote.RemoteWebDriver.findElement(RemoteWebDriver.java:356)
at org.openqa.selenium.remote.RemoteWebDriver.findElement(RemoteWebDriver.java:350)
at tests.LoginTest.inValidLoginTest(LoginTest.java:37)
at java.base/java.util.concurrent.Executors$RunnableAdapter.call(Executors.java:515)
at java.base/java.util.concurrent.FutureTask.run(FutureTask.java:264)
at java.base/java.util.concurrent.ThreadPoolExecutor.runWorker(ThreadPoolExecutor.java:1130)
at java.base/java.util.concurrent.ThreadPoolExecutor$Worker.run(ThreadPoolExecutor.java:630)
at java.base/java.lang.Thread.run(Thread.java:831)
... Removed 18 stack frames]]>
    </failure>
  </testcase> <!-- inValidLoginTest -->
</testsuite> <!-- UI Tests -->
